{"/home/haidarmaula/catat-arey-backend/src/middlewares/userValidationMiddleware.js": {"path":"/home/haidarmaula/catat-arey-backend/src/middlewares/userValidationMiddleware.js","statementMap":{"0":{"start":{"line":1,"column":15},"end":{"line":1,"column":32}},"1":{"start":{"line":2,"column":11},"end":{"line":2,"column":41}},"2":{"start":{"line":3,"column":12},"end":{"line":3,"column":26}},"3":{"start":{"line":5,"column":33},"end":{"line":63,"column":1}},"4":{"start":{"line":6,"column":2},"end":{"line":62,"column":3}},"5":{"start":{"line":7,"column":19},"end":{"line":27,"column":6}},"6":{"start":{"line":29,"column":22},"end":{"line":29,"column":47}},"7":{"start":{"line":31,"column":4},"end":{"line":37,"column":5}},"8":{"start":{"line":32,"column":6},"end":{"line":36,"column":9}},"9":{"start":{"line":39,"column":25},"end":{"line":39,"column":33}},"10":{"start":{"line":41,"column":25},"end":{"line":44,"column":12}},"11":{"start":{"line":46,"column":4},"end":{"line":52,"column":5}},"12":{"start":{"line":47,"column":6},"end":{"line":51,"column":9}},"13":{"start":{"line":54,"column":4},"end":{"line":54,"column":11}},"14":{"start":{"line":56,"column":4},"end":{"line":56,"column":49}},"15":{"start":{"line":57,"column":4},"end":{"line":61,"column":7}},"16":{"start":{"line":65,"column":26},"end":{"line":125,"column":1}},"17":{"start":{"line":66,"column":2},"end":{"line":124,"column":3}},"18":{"start":{"line":67,"column":19},"end":{"line":70,"column":6}},"19":{"start":{"line":72,"column":22},"end":{"line":72,"column":47}},"20":{"start":{"line":74,"column":4},"end":{"line":80,"column":5}},"21":{"start":{"line":75,"column":6},"end":{"line":79,"column":9}},"22":{"start":{"line":82,"column":35},"end":{"line":82,"column":43}},"23":{"start":{"line":84,"column":25},"end":{"line":87,"column":12}},"24":{"start":{"line":89,"column":4},"end":{"line":95,"column":5}},"25":{"start":{"line":90,"column":6},"end":{"line":94,"column":9}},"26":{"start":{"line":97,"column":25},"end":{"line":97,"column":61}},"27":{"start":{"line":99,"column":4},"end":{"line":105,"column":5}},"28":{"start":{"line":100,"column":6},"end":{"line":104,"column":9}},"29":{"start":{"line":107,"column":19},"end":{"line":107,"column":42}},"30":{"start":{"line":108,"column":17},"end":{"line":108,"column":49}},"31":{"start":{"line":110,"column":4},"end":{"line":114,"column":6}},"32":{"start":{"line":116,"column":4},"end":{"line":116,"column":11}},"33":{"start":{"line":118,"column":4},"end":{"line":118,"column":49}},"34":{"start":{"line":119,"column":4},"end":{"line":123,"column":7}},"35":{"start":{"line":127,"column":0},"end":{"line":130,"column":2}}},"fnMap":{"0":{"name":"(anonymous_0)","decl":{"start":{"line":5,"column":33},"end":{"line":5,"column":34}},"loc":{"start":{"line":5,"column":59},"end":{"line":63,"column":1}},"line":5},"1":{"name":"(anonymous_1)","decl":{"start":{"line":65,"column":26},"end":{"line":65,"column":27}},"loc":{"start":{"line":65,"column":52},"end":{"line":125,"column":1}},"line":65}},"branchMap":{"0":{"loc":{"start":{"line":31,"column":4},"end":{"line":37,"column":5}},"type":"if","locations":[{"start":{"line":31,"column":4},"end":{"line":37,"column":5}},{"start":{},"end":{}}],"line":31},"1":{"loc":{"start":{"line":46,"column":4},"end":{"line":52,"column":5}},"type":"if","locations":[{"start":{"line":46,"column":4},"end":{"line":52,"column":5}},{"start":{},"end":{}}],"line":46},"2":{"loc":{"start":{"line":74,"column":4},"end":{"line":80,"column":5}},"type":"if","locations":[{"start":{"line":74,"column":4},"end":{"line":80,"column":5}},{"start":{},"end":{}}],"line":74},"3":{"loc":{"start":{"line":89,"column":4},"end":{"line":95,"column":5}},"type":"if","locations":[{"start":{"line":89,"column":4},"end":{"line":95,"column":5}},{"start":{},"end":{}}],"line":89},"4":{"loc":{"start":{"line":99,"column":4},"end":{"line":105,"column":5}},"type":"if","locations":[{"start":{"line":99,"column":4},"end":{"line":105,"column":5}},{"start":{},"end":{}}],"line":99}},"s":{"0":1,"1":1,"2":1,"3":1,"4":4,"5":4,"6":4,"7":4,"8":1,"9":3,"10":3,"11":2,"12":1,"13":1,"14":1,"15":1,"16":1,"17":0,"18":0,"19":0,"20":0,"21":0,"22":0,"23":0,"24":0,"25":0,"26":0,"27":0,"28":0,"29":0,"30":0,"31":0,"32":0,"33":0,"34":0,"35":1},"f":{"0":4,"1":0},"b":{"0":[1,3],"1":[1,1],"2":[0,0],"3":[0,0],"4":[0,0]},"_coverageSchema":"1a1c01bbd47fc00a2c39e90264f33305004495a9","hash":"a17f6c3c3252757b52332cdd2530a1641a6ad816"}
,"/home/haidarmaula/catat-arey-backend/src/tests/unit/utils/helper.js": {"path":"/home/haidarmaula/catat-arey-backend/src/tests/unit/utils/helper.js","statementMap":{"0":{"start":{"line":1,"column":26},"end":{"line":3,"column":2}},"1":{"start":{"line":1,"column":37},"end":{"line":3,"column":1}},"2":{"start":{"line":5,"column":27},"end":{"line":8,"column":2}},"3":{"start":{"line":5,"column":34},"end":{"line":8,"column":1}},"4":{"start":{"line":10,"column":23},"end":{"line":10,"column":38}},"5":{"start":{"line":10,"column":29},"end":{"line":10,"column":38}},"6":{"start":{"line":12,"column":0},"end":{"line":16,"column":2}}},"fnMap":{"0":{"name":"(anonymous_0)","decl":{"start":{"line":1,"column":26},"end":{"line":1,"column":27}},"loc":{"start":{"line":1,"column":37},"end":{"line":3,"column":1}},"line":1},"1":{"name":"(anonymous_1)","decl":{"start":{"line":5,"column":27},"end":{"line":5,"column":28}},"loc":{"start":{"line":5,"column":34},"end":{"line":8,"column":1}},"line":5},"2":{"name":"(anonymous_2)","decl":{"start":{"line":10,"column":23},"end":{"line":10,"column":24}},"loc":{"start":{"line":10,"column":29},"end":{"line":10,"column":38}},"line":10}},"branchMap":{},"s":{"0":1,"1":5,"2":1,"3":4,"4":1,"5":4,"6":1},"f":{"0":5,"1":4,"2":4},"b":{},"_coverageSchema":"1a1c01bbd47fc00a2c39e90264f33305004495a9","hash":"8cae5b1a8235823e49f40587a3ca85ff4b66ba14"}
}
