TN:
SF:src/middlewares/userValidationMiddleware.js
FN:5,(anonymous_0)
FN:65,(anonymous_1)
FNF:2
FNH:1
FNDA:4,(anonymous_0)
FNDA:0,(anonymous_1)
DA:1,1
DA:2,1
DA:3,1
DA:5,1
DA:6,4
DA:7,4
DA:29,4
DA:31,4
DA:32,1
DA:39,3
DA:41,3
DA:46,2
DA:47,1
DA:54,1
DA:56,1
DA:57,1
DA:65,1
DA:66,0
DA:67,0
DA:72,0
DA:74,0
DA:75,0
DA:82,0
DA:84,0
DA:89,0
DA:90,0
DA:97,0
DA:99,0
DA:100,0
DA:107,0
DA:108,0
DA:110,0
DA:116,0
DA:118,0
DA:119,0
DA:127,1
LF:36
LH:18
BRDA:31,0,0,1
BRDA:31,0,1,3
BRDA:46,1,0,1
BRDA:46,1,1,1
BRDA:74,2,0,0
BRDA:74,2,1,0
BRDA:89,3,0,0
BRDA:89,3,1,0
BRDA:99,4,0,0
BRDA:99,4,1,0
BRF:10
BRH:4
end_of_record
TN:
SF:src/tests/unit/utils/helper.js
FN:1,(anonymous_0)
FN:5,(anonymous_1)
FN:10,(anonymous_2)
FNF:3
FNH:3
FNDA:5,(anonymous_0)
FNDA:4,(anonymous_1)
FNDA:4,(anonymous_2)
DA:1,5
DA:5,4
DA:10,4
DA:12,1
LF:4
LH:4
BRF:0
BRH:0
end_of_record
